<?xml version="1.0" encoding="UTF-8"?>
<testsuite name="TestMainDate_Day_Positive" tests="6" skipped="0" failures="0" errors="0" timestamp="2018-09-26T12:48:36" hostname="hpWin" time="0.009">
  <properties/>
  <testcase name="dateTest[0]" classname="TestMainDate_Day_Positive" time="0.005"/>
  <testcase name="dateTest[1]" classname="TestMainDate_Day_Positive" time="0.0"/>
  <testcase name="dateTest[2]" classname="TestMainDate_Day_Positive" time="0.0"/>
  <testcase name="dateTest[3]" classname="TestMainDate_Day_Positive" time="0.001"/>
  <testcase name="dateTest[4]" classname="TestMainDate_Day_Positive" time="0.0"/>
  <testcase name="dateTest[5]" classname="TestMainDate_Day_Positive" time="0.0"/>
  <system-out><![CDATA[test date day
test date day
test date day
test date day
test date day
test date day
]]></system-out>
  <system-err><![CDATA[]]></system-err>
</testsuite>
